<?xml version="1.0" encoding="UTF-8"?>
<testng-results ignored="0" total="1" passed="1" failed="0" skipped="0">
  <reporter-output>
  </reporter-output>
  <suite started-at="2023-03-03T22:01:24 IST" name="Default suite" finished-at="2023-03-03T22:01:27 IST" duration-ms="2891">
    <groups>
    </groups>
    <test started-at="2023-03-03T22:01:24 IST" name="Default test" finished-at="2023-03-03T22:01:27 IST" duration-ms="2891">
      <class name="TestScripts.DemoAssertion1">
        <test-method signature="VerifyTitle()[pri:0, instance:TestScripts.DemoAssertion1@6d2a209c]" started-at="2023-03-03T22:01:24 IST" name="VerifyTitle" finished-at="2023-03-03T22:01:27 IST" duration-ms="2860" status="PASS">
          <reporter-output>
          </reporter-output>
        </test-method> <!-- VerifyTitle -->
      </class> <!-- TestScripts.DemoAssertion1 -->
    </test> <!-- Default test -->
  </suite> <!-- Default suite -->
</testng-results>
